openshift-controller-manager
total 100K
drwxr-xr-x   1 root root 4.0K Jun  3 13:10 .
drwxr-xr-x   1 root root 4.0K Jun  3 13:10 ..
-rwxr-xr-x   1 root root    0 Jun  3 13:10 .dockerenv
-rw-r--r--   1 root root  12K May  4 15:37 anaconda-post.log
lrwxrwxrwx   1 root root    7 May  4 15:35 bin -> usr/bin
drwxr-xr-x  12 root root 3.7K Jun  3 13:10 dev
drwxr-xr-x   1 root root 4.0K Jun  3 13:10 etc
drwxr-xr-x   2 root root 4.0K Apr 11  2018 home
-rwxr-xr-x   1 root root  857 Jan  1  1970 install.sh
-rw-r--r--   1 root root 2.3K Jan  1  1970 install.yaml
-rw-r--r--   1 root root 5.6K Jan  1  1970 kubeconfig.kubeconfig
lrwxrwxrwx   1 root root    7 May  4 15:35 lib -> usr/lib
lrwxrwxrwx   1 root root    9 May  4 15:35 lib64 -> usr/lib64
drwxr-xr-x   2 root root 4.0K Apr 11  2018 media
drwxr-xr-x   2 root root 4.0K Apr 11  2018 mnt
-rw-r--r--   1 root root   28 Jan  1  1970 namespace-file
-rw-r--r--   1 root root  137 Jan  1  1970 namespace.yaml
drwxr-xr-x   2 root root 4.0K Apr 11  2018 opt
-rw-r--r--   1 root root  592 Jan  1  1970 param-file.txt
-rw-r--r--   1 root root   80 Jan  1  1970 privileged-sa-list.txt
dr-xr-xr-x 193 root root    0 Jun  3 13:04 proc
-rw-r--r--   1 root root 2.7K Jan  1  1970 rbac.yaml
dr-xr-x---   1 root root 4.0K May 22 00:47 root
drwxr-xr-x   1 root root 4.0K May 22 01:08 run
lrwxrwxrwx   1 root root    8 May  4 15:35 sbin -> usr/sbin
drwxr-xr-x   2 root root 4.0K Apr 11  2018 srv
dr-xr-xr-x  13 root root    0 Jun  3 13:04 sys
drwxrwxrwt   1 root root 4.0K May 22 01:08 tmp
drwxr-xr-x   1 root root 4.0K May  4 15:35 usr
drwxr-xr-x   1 root root 4.0K May  4 15:36 var
scc "privileged" added to: ["system:serviceaccount:openshift-controller-manager:openshift-controller-manager"]
namespace/openshift-controller-manager created
clusterrole.rbac.authorization.k8s.io/system:openshift:openshift-controller-manager reconciled
clusterrolebinding.rbac.authorization.k8s.io/system:openshift:openshift-controller-manager reconciled
role.rbac.authorization.k8s.io/system:openshift:leader-locking-openshift-controller-manager reconciled
rolebinding.rbac.authorization.k8s.io/system:openshift:leader-locking-openshift-controller-manager reconciled
role.rbac.authorization.k8s.io/system:openshift:sa-creating-openshift-controller-manager reconciled
rolebinding.rbac.authorization.k8s.io/system:openshift:sa-creating-openshift-controller-manager reconciled
daemonset.apps/openshift-controller-manager created
serviceaccount/openshift-controller-manager created
